<?xml version="1.0" encoding="UTF-8"?>
<!-- Generated by org.testng.reporters.JUnitReportReporter -->
<testsuite hostname="DESKTOP-7H7RBS5" failures="0" tests="4" name="com.qa.testcases.RegisterPageTest" time="24.429" errors="0" timestamp="2023-06-20T13:18:03 CDT" skipped="0">
  <testcase classname="com.qa.testcases.RegisterPageTest" name="verifyRegisterAccountWithMandatoryFields" time="5.549"/>
  <testcase classname="com.qa.testcases.RegisterPageTest" name="verifyRegisterAccountWithMandatoryFields" time="5.294"/>
  <testcase classname="com.qa.testcases.RegisterPageTest" name="verifyRegisterAccountWithMandatoryFields" time="8.121"/>
  <testcase classname="com.qa.testcases.RegisterPageTest" name="verifyRegisterAccountWithMandatoryFields" time="5.465"/>
</testsuite> <!-- com.qa.testcases.RegisterPageTest -->
