<?xml version="1.0" encoding="UTF-8"?>
<!-- Generated by org.testng.reporters.JUnitReportReporter -->
<testsuite hostname="DESKTOP-7H7RBS5" failures="0" tests="4" name="com.qa.testcases.LogInPageTest" time="18.811" errors="0" timestamp="2023-06-20T13:18:03 CDT" skipped="0">
  <testcase classname="com.qa.testcases.LogInPageTest" name="verifyLogInWithValidCredentials" time="4.856"/>
  <testcase classname="com.qa.testcases.LogInPageTest" name="verifyLogInWithValidCredentials" time="4.898"/>
  <testcase classname="com.qa.testcases.LogInPageTest" name="verifyLogInWithInvalidCredentials" time="4.565"/>
  <testcase classname="com.qa.testcases.LogInPageTest" name="verifyLogInWithInvalidCredentials" time="4.492"/>
</testsuite> <!-- com.qa.testcases.LogInPageTest -->
